[debug] [2021-11-19T19:41:15.486Z] ----------------------------------------------------------------------
[debug] [2021-11-19T19:41:15.488Z] Command:       C:\Program Files\nodejs\node.exe C:\Users\malth\AppData\Roaming\npm\node_modules\firebase-tools\lib\bin\firebase.js init
[debug] [2021-11-19T19:41:15.489Z] CLI Version:   9.23.0
[debug] [2021-11-19T19:41:15.489Z] Platform:      win32
[debug] [2021-11-19T19:41:15.489Z] Node Version:  v14.18.0
[debug] [2021-11-19T19:41:15.489Z] Time:          Fri Nov 19 2021 20:41:15 GMT+0100 (Centraleuropæisk normaltid)
[debug] [2021-11-19T19:41:15.489Z] ----------------------------------------------------------------------
[debug] 
[debug] [2021-11-19T19:41:15.499Z] > command requires scopes: ["email","openid","https://www.googleapis.com/auth/cloudplatformprojects.readonly","https://www.googleapis.com/auth/firebase","https://www.googleapis.com/auth/cloud-platform"]
[debug] [2021-11-19T19:41:15.499Z] > authorizing via signed-in user (malpoudev@gmail.com)
[info] 
     ######## #### ########  ######## ########     ###     ######  ########
     ##        ##  ##     ## ##       ##     ##  ##   ##  ##       ##
     ######    ##  ########  ######   ########  #########  ######  ######
     ##        ##  ##    ##  ##       ##     ## ##     ##       ## ##
     ##       #### ##     ## ######## ########  ##     ##  ######  ########

You're about to initialize a Firebase project in this directory:

  C:\Users\malth\OneDrive - IT Afdelingen\Dokumenter\git\htx-forslag

[info] 
=== Project Setup
[info] 
[info] First, let's associate this project directory with a Firebase project.
[info] You can create multiple project aliases by running firebase use --add, 
[info] but for now we'll just set up a default project.
[info] 
[debug] [2021-11-19T19:41:58.616Z] >>> [apiv2][query] GET https://firebase.googleapis.com/v1beta1/projects pageSize=100
[debug] [2021-11-19T19:41:59.105Z] <<< [apiv2][status] GET https://firebase.googleapis.com/v1beta1/projects 200
[debug] [2021-11-19T19:41:59.105Z] <<< [apiv2][body] GET https://firebase.googleapis.com/v1beta1/projects [omitted]
[info] i  Using project htx-borgerforslag (htx-borgerforslag) 
[info] 
=== Firestore Setup
[debug] [2021-11-19T19:42:00.624Z] > refreshing access token with scopes: ["email","https://www.googleapis.com/auth/cloud-platform","https://www.googleapis.com/auth/cloudplatformprojects.readonly","https://www.googleapis.com/auth/firebase","openid"]
[debug] [2021-11-19T19:42:00.624Z] >>> HTTP REQUEST POST https://www.googleapis.com/oauth2/v3/token  
 <request body omitted>
[debug] [2021-11-19T19:42:00.695Z] <<< HTTP RESPONSE 200 {"pragma":"no-cache","expires":"Mon, 01 Jan 1990 00:00:00 GMT","cache-control":"no-cache, no-store, max-age=0, must-revalidate","date":"Fri, 19 Nov 2021 19:41:55 GMT","content-type":"application/json; charset=utf-8","vary":"X-Origin, Referer, Origin,Accept-Encoding","server":"scaffolding on HTTPServer2","x-xss-protection":"0","x-frame-options":"SAMEORIGIN","x-content-type-options":"nosniff","alt-svc":"h3=\":443\"; ma=2592000,h3-29=\":443\"; ma=2592000,h3-Q050=\":443\"; ma=2592000,h3-Q046=\":443\"; ma=2592000,h3-Q043=\":443\"; ma=2592000,quic=\":443\"; ma=2592000; v=\"46,43\"","accept-ranges":"none","transfer-encoding":"chunked"}
[debug] [2021-11-19T19:42:00.709Z] >>> HTTP REQUEST GET https://serviceusage.googleapis.com/v1/projects/htx-borgerforslag/services/firestore.googleapis.com  
 
[debug] [2021-11-19T19:42:01.678Z] <<< HTTP RESPONSE 200 {"content-type":"application/json; charset=UTF-8","vary":"X-Origin, Referer, Origin,Accept-Encoding","date":"Fri, 19 Nov 2021 19:41:56 GMT","server":"ESF","cache-control":"private","x-xss-protection":"0","x-frame-options":"SAMEORIGIN","x-content-type-options":"nosniff","alt-svc":"h3=\":443\"; ma=2592000,h3-29=\":443\"; ma=2592000,h3-Q050=\":443\"; ma=2592000,h3-Q046=\":443\"; ma=2592000,h3-Q043=\":443\"; ma=2592000,quic=\":443\"; ma=2592000; v=\"46,43\"","accept-ranges":"none","transfer-encoding":"chunked"}
[debug] [2021-11-19T19:42:01.678Z] >>> HTTP REQUEST GET https://appengine.googleapis.com/v1/apps/htx-borgerforslag  
 
[debug] [2021-11-19T19:42:02.054Z] <<< HTTP RESPONSE 200 {"content-type":"application/json; charset=UTF-8","vary":"X-Origin, Referer, Origin,Accept-Encoding","date":"Fri, 19 Nov 2021 19:41:57 GMT","server":"ESF","cache-control":"private","x-xss-protection":"0","x-frame-options":"SAMEORIGIN","x-content-type-options":"nosniff","alt-svc":"h3=\":443\"; ma=2592000,h3-29=\":443\"; ma=2592000,h3-Q050=\":443\"; ma=2592000,h3-Q046=\":443\"; ma=2592000,h3-Q043=\":443\"; ma=2592000,quic=\":443\"; ma=2592000; v=\"46,43\"","accept-ranges":"none","transfer-encoding":"chunked"}
[debug] [2021-11-19T19:42:02.054Z] database_type: CLOUD_FIRESTORE
[debug] [2021-11-19T19:42:02.055Z] > command requires scopes: ["email","openid","https://www.googleapis.com/auth/cloudplatformprojects.readonly","https://www.googleapis.com/auth/firebase","https://www.googleapis.com/auth/cloud-platform"]
[debug] [2021-11-19T19:42:02.055Z] > authorizing via signed-in user (malpoudev@gmail.com)
[debug] [2021-11-19T19:42:02.055Z] [iam] checking project htx-borgerforslag for permissions ["firebase.projects.get"]
[debug] [2021-11-19T19:42:02.055Z] >>> HTTP REQUEST POST https://cloudresourcemanager.googleapis.com/v1/projects/htx-borgerforslag:testIamPermissions  
 {"permissions":["firebase.projects.get"]}
[debug] [2021-11-19T19:42:02.820Z] <<< HTTP RESPONSE 200 {"content-type":"application/json; charset=UTF-8","vary":"X-Origin, Referer, Origin,Accept-Encoding","date":"Fri, 19 Nov 2021 19:41:57 GMT","server":"ESF","cache-control":"private","x-xss-protection":"0","x-frame-options":"SAMEORIGIN","x-content-type-options":"nosniff","server-timing":"gfet4t7; dur=654","alt-svc":"h3=\":443\"; ma=2592000,h3-29=\":443\"; ma=2592000,h3-Q050=\":443\"; ma=2592000,h3-Q046=\":443\"; ma=2592000,h3-Q043=\":443\"; ma=2592000,quic=\":443\"; ma=2592000; v=\"46,43\"","accept-ranges":"none","transfer-encoding":"chunked"}
[info] 
[info] Firestore Security Rules allow you to define how and when to allow
[info] requests. You can keep these rules in your project directory
[info] and publish them with firebase deploy.
[info] 
[debug] [2021-11-19T19:42:06.774Z] >>> HTTP REQUEST GET https://firebaserules.googleapis.com/v1/projects/htx-borgerforslag/releases?pageSize=10&pageToken=  
 
[debug] [2021-11-19T19:42:07.116Z] <<< HTTP RESPONSE 200 {"content-type":"application/json; charset=UTF-8","vary":"X-Origin, Referer, Origin,Accept-Encoding","date":"Fri, 19 Nov 2021 19:42:02 GMT","server":"ESF","cache-control":"private","x-xss-protection":"0","x-frame-options":"SAMEORIGIN","x-content-type-options":"nosniff","alt-svc":"h3=\":443\"; ma=2592000,h3-29=\":443\"; ma=2592000,h3-Q050=\":443\"; ma=2592000,h3-Q046=\":443\"; ma=2592000,h3-Q043=\":443\"; ma=2592000,quic=\":443\"; ma=2592000; v=\"46,43\"","accept-ranges":"none","transfer-encoding":"chunked"}
[debug] [2021-11-19T19:42:07.117Z] Found ruleset: projects/htx-borgerforslag/rulesets/235acdd0-5119-4044-a957-fb4ed8c7fbad
[debug] [2021-11-19T19:42:07.117Z] >>> HTTP REQUEST GET https://firebaserules.googleapis.com/v1/projects/htx-borgerforslag/rulesets/235acdd0-5119-4044-a957-fb4ed8c7fbad  
 
[debug] [2021-11-19T19:42:07.365Z] <<< HTTP RESPONSE 200 {"content-type":"application/json; charset=UTF-8","vary":"X-Origin, Referer, Origin,Accept-Encoding","date":"Fri, 19 Nov 2021 19:42:02 GMT","server":"ESF","cache-control":"private","x-xss-protection":"0","x-frame-options":"SAMEORIGIN","x-content-type-options":"nosniff","alt-svc":"h3=\":443\"; ma=2592000,h3-29=\":443\"; ma=2592000,h3-Q050=\":443\"; ma=2592000,h3-Q046=\":443\"; ma=2592000,h3-Q043=\":443\"; ma=2592000,quic=\":443\"; ma=2592000; v=\"46,43\"","accept-ranges":"none","transfer-encoding":"chunked"}
[info] 
[info] Firestore indexes allow you to perform complex queries while
[info] maintaining performance that scales with the size of the result
[info] set. You can keep index definitions in your project directory
[info] and publish them with firebase deploy.
[info] 
[debug] [2021-11-19T19:42:09.619Z] >>> HTTP REQUEST GET https://firestore.googleapis.com/v1/projects/htx-borgerforslag/databases/(default)/collectionGroups/-/indexes  
 
[debug] [2021-11-19T19:42:09.619Z] >>> HTTP REQUEST GET https://firestore.googleapis.com/v1/projects/htx-borgerforslag/databases/(default)/collectionGroups/-/fields?filter=indexConfig.usesAncestorConfig=false  
 
[debug] [2021-11-19T19:42:10.065Z] <<< HTTP RESPONSE 200 {"content-type":"application/json; charset=UTF-8","vary":"X-Origin, Referer, Origin,Accept-Encoding","date":"Fri, 19 Nov 2021 19:42:05 GMT","server":"ESF","cache-control":"private","x-xss-protection":"0","x-frame-options":"SAMEORIGIN","x-content-type-options":"nosniff","alt-svc":"h3=\":443\"; ma=2592000,h3-29=\":443\"; ma=2592000,h3-Q050=\":443\"; ma=2592000,h3-Q046=\":443\"; ma=2592000,h3-Q043=\":443\"; ma=2592000,quic=\":443\"; ma=2592000; v=\"46,43\"","accept-ranges":"none","transfer-encoding":"chunked"}
[debug] [2021-11-19T19:42:10.074Z] <<< HTTP RESPONSE 200 {"content-type":"application/json; charset=UTF-8","vary":"X-Origin, Referer, Origin,Accept-Encoding","date":"Fri, 19 Nov 2021 19:42:05 GMT","server":"ESF","cache-control":"private","x-xss-protection":"0","x-frame-options":"SAMEORIGIN","x-content-type-options":"nosniff","alt-svc":"h3=\":443\"; ma=2592000,h3-29=\":443\"; ma=2592000,h3-Q050=\":443\"; ma=2592000,h3-Q046=\":443\"; ma=2592000,h3-Q043=\":443\"; ma=2592000,quic=\":443\"; ma=2592000; v=\"46,43\"","accept-ranges":"none","transfer-encoding":"chunked"}
[info] 
=== Functions Setup
[info] 
[info] A functions directory will be created in your project with sample code
[info] pre-configured. Functions can be deployed with firebase deploy.
[info] 
[debug] [2021-11-19T19:42:10.080Z] > command requires scopes: ["email","openid","https://www.googleapis.com/auth/cloudplatformprojects.readonly","https://www.googleapis.com/auth/firebase","https://www.googleapis.com/auth/cloud-platform"]
[debug] [2021-11-19T19:42:10.081Z] > authorizing via signed-in user (malpoudev@gmail.com)
[debug] [2021-11-19T19:42:10.081Z] [iam] checking project htx-borgerforslag for permissions ["firebase.projects.get"]
[debug] [2021-11-19T19:42:10.081Z] >>> HTTP REQUEST POST https://cloudresourcemanager.googleapis.com/v1/projects/htx-borgerforslag:testIamPermissions  
 {"permissions":["firebase.projects.get"]}
[debug] [2021-11-19T19:42:10.798Z] <<< HTTP RESPONSE 200 {"content-type":"application/json; charset=UTF-8","vary":"X-Origin, Referer, Origin,Accept-Encoding","date":"Fri, 19 Nov 2021 19:42:05 GMT","server":"ESF","cache-control":"private","x-xss-protection":"0","x-frame-options":"SAMEORIGIN","x-content-type-options":"nosniff","server-timing":"gfet4t7; dur=672","alt-svc":"h3=\":443\"; ma=2592000,h3-29=\":443\"; ma=2592000,h3-Q050=\":443\"; ma=2592000,h3-Q046=\":443\"; ma=2592000,h3-Q043=\":443\"; ma=2592000,quic=\":443\"; ma=2592000; v=\"46,43\"","accept-ranges":"none","transfer-encoding":"chunked"}
[debug] [2021-11-19T19:42:10.799Z] >>> HTTP REQUEST POST https://serviceusage.googleapis.com/v1/projects/htx-borgerforslag/services/cloudfunctions.googleapis.com:enable  
 
[debug] [2021-11-19T19:42:10.799Z] >>> HTTP REQUEST POST https://serviceusage.googleapis.com/v1/projects/htx-borgerforslag/services/runtimeconfig.googleapis.com:enable  
 
[debug] [2021-11-19T19:42:11.626Z] <<< HTTP RESPONSE 200 {"content-type":"application/json; charset=UTF-8","vary":"X-Origin, Referer, Origin,Accept-Encoding","date":"Fri, 19 Nov 2021 19:42:06 GMT","server":"ESF","cache-control":"private","x-xss-protection":"0","x-frame-options":"SAMEORIGIN","x-content-type-options":"nosniff","alt-svc":"h3=\":443\"; ma=2592000,h3-29=\":443\"; ma=2592000,h3-Q050=\":443\"; ma=2592000,h3-Q046=\":443\"; ma=2592000,h3-Q043=\":443\"; ma=2592000,quic=\":443\"; ma=2592000; v=\"46,43\"","accept-ranges":"none","transfer-encoding":"chunked"}
[debug] [2021-11-19T19:42:12.270Z] <<< HTTP RESPONSE 200 {"content-type":"application/json; charset=UTF-8","vary":"X-Origin, Referer, Origin,Accept-Encoding","date":"Fri, 19 Nov 2021 19:42:07 GMT","server":"ESF","cache-control":"private","x-xss-protection":"0","x-frame-options":"SAMEORIGIN","x-content-type-options":"nosniff","alt-svc":"h3=\":443\"; ma=2592000,h3-29=\":443\"; ma=2592000,h3-Q050=\":443\"; ma=2592000,h3-Q046=\":443\"; ma=2592000,h3-Q043=\":443\"; ma=2592000,quic=\":443\"; ma=2592000; v=\"46,43\"","accept-ranges":"none","transfer-encoding":"chunked"}
[info] +  Wrote functions/package.json 
[info] +  Wrote functions/.eslintrc.js 
[info] +  Wrote functions/tsconfig.json 
[info] +  Wrote functions/tsconfig.dev.json 
[info] +  Wrote functions/src/index.ts 
[info] +  Wrote functions/.gitignore 
[info] 
=== Hosting:github Setup
[info] 
[info] i  Didn't detect a .git folder. Assuming C:\Users\malth\OneDrive - IT Afdelingen\Dokumenter\git\htx-forslag is the project root. 
[info] i  Authorizing with GitHub to upload your service account to a GitHub repository's secrets store. 
[info] 
[info] Visit this URL on this device to log in:
[info] https://github.com/login/oauth/authorize?client_id=89cf50f02ac6aaed3484&state=272007060&redirect_uri=http%3A%2F%2Flocalhost%3A9005&scope=read%3Auser%20repo%20public_repo
[info] 
[info] Waiting for authentication...
[debug] [2021-11-19T19:45:04.894Z] >>> HTTP REQUEST POST https://github.com/login/oauth/access_token  
 {"client_id":"89cf50f02ac6aaed3484","client_secret":"3330d14abc895d9a74d5f17cd7a00711fa2c5bf0","code":"2183d5b203fad6145a96","redirect_uri":"http://localhost:9005","state":"272007060"}
[debug] [2021-11-19T19:45:05.164Z] <<< HTTP RESPONSE 200 {"server":"GitHub.com","date":"Fri, 19 Nov 2021 19:45:00 GMT","content-type":"application/json; charset=utf-8","transfer-encoding":"chunked","vary":"X-PJAX, X-PJAX-Container, Accept-Encoding, Accept, X-Requested-With","permissions-policy":"interest-cohort=()","etag":"W/\"72ff16f8ac17dd342af1816f397b3e29\"","cache-control":"max-age=0, private, must-revalidate","strict-transport-security":"max-age=31536000; includeSubdomains; preload","x-frame-options":"deny","x-content-type-options":"nosniff","x-xss-protection":"0","referrer-policy":"origin-when-cross-origin, strict-origin-when-cross-origin","expect-ct":"max-age=2592000, report-uri=\"https://api.github.com/_private/browser/errors\"","content-security-policy":"default-src 'none'; base-uri 'self'; block-all-mixed-content; child-src github.com/assets-cdn/worker/ gist.github.com/assets-cdn/worker/; connect-src 'self' uploads.github.com objects-origin.githubusercontent.com www.githubstatus.com collector.githubapp.com api.github.com github-cloud.s3.amazonaws.com github-production-repository-file-5c1aeb.s3.amazonaws.com github-production-upload-manifest-file-7fdce7.s3.amazonaws.com github-production-user-asset-6210df.s3.amazonaws.com cdn.optimizely.com logx.optimizely.com/v1/events translator.github.com wss://alive.github.com; font-src github.githubassets.com; form-action 'self' github.com gist.github.com objects-origin.githubusercontent.com; frame-ancestors 'none'; frame-src render.githubusercontent.com viewscreen.githubusercontent.com notebooks.githubusercontent.com; img-src 'self' data: github.githubassets.com identicons.github.com collector.githubapp.com github-cloud.s3.amazonaws.com secured-user-images.githubusercontent.com/ *.githubusercontent.com; manifest-src 'self'; media-src github.com user-images.githubusercontent.com/; script-src github.githubassets.com; style-src 'unsafe-inline' github.githubassets.com; worker-src github.com/assets-cdn/worker/ gist.github.com/assets-cdn/worker/","x-github-request-id":"AF47:9959:15F4699:17101BB:6197FEBC"}
[debug] [2021-11-19T19:45:05.167Z] >>> [apiv2][query] GET https://api.github.com/user [none]
[debug] [2021-11-19T19:45:05.459Z] <<< [apiv2][status] GET https://api.github.com/user 200
[debug] [2021-11-19T19:45:05.459Z] <<< [apiv2][body] GET https://api.github.com/user {"login":"malpou","id":30603252,"node_id":"MDQ6VXNlcjMwNjAzMjUy","avatar_url":"https://avatars.githubusercontent.com/u/30603252?v=4","gravatar_id":"","url":"https://api.github.com/users/malpou","html_url":"https://github.com/malpou","followers_url":"https://api.github.com/users/malpou/followers","following_url":"https://api.github.com/users/malpou/following{/other_user}","gists_url":"https://api.github.com/users/malpou/gists{/gist_id}","starred_url":"https://api.github.com/users/malpou/starred{/owner}{/repo}","subscriptions_url":"https://api.github.com/users/malpou/subscriptions","organizations_url":"https://api.github.com/users/malpou/orgs","repos_url":"https://api.github.com/users/malpou/repos","events_url":"https://api.github.com/users/malpou/events{/privacy}","received_events_url":"https://api.github.com/users/malpou/received_events","type":"User","site_admin":false,"name":"Malthe Poulsen","company":"Swiipe & Nordic Infrastructure ","blog":"","location":"Hillerød, Danmark","email":null,"hireable":null,"bio":"\r\n    \r\n    Elite runner & software development student\r\n","twitter_username":null,"public_repos":27,"public_gists":1,"followers":4,"following":6,"created_at":"2017-07-31T18:07:56Z","updated_at":"2021-11-19T19:44:35Z","private_gists":7,"total_private_repos":18,"owned_private_repos":18,"disk_usage":34472,"collaborators":4,"two_factor_authentication":true,"plan":{"name":"free","space":976562499,"collaborators":0,"private_repos":10000}}
[info] 
[info] +  Success! Logged into GitHub as malpou 
[info] 
